

================================================================
== Vitis HLS Report for 'mlp_core_stream'
================================================================
* Date:           Mon Nov 24 11:29:18 2025

* Version:        2025.1 (Build 6135595 on May 21 2025)
* Project:        mlp_core_stream
* Solution:       solution1 (Vivado IP Flow Target)
* Product family: zynq
* Target device:  xc7z020-clg400-1


================================================================
== Performance Estimates
================================================================
+ Timing: 
    * Summary: 
    +--------+----------+----------+------------+
    |  Clock |  Target  | Estimated| Uncertainty|
    +--------+----------+----------+------------+
    |ap_clk  |  10.00 ns|  4.463 ns|     2.70 ns|
    +--------+----------+----------+------------+

+ Latency: 
    * Summary: 
    +---------+---------+-----------+-----------+-----+-----+---------+
    |  Latency (cycles) |   Latency (absolute)  |  Interval | Pipeline|
    |   min   |   max   |    min    |    max    | min | max |   Type  |
    +---------+---------+-----------+-----------+-----+-----+---------+
    |        1|        1|  10.000 ns|  10.000 ns|    2|    2|       no|
    +---------+---------+-----------+-----------+-----+-----+---------+

    + Detail: 
        * Instance: 
        N/A

        * Loop: 
        N/A



================================================================
== Utilization Estimates
================================================================
* Summary: 
+-----------------+---------+-----+--------+-------+-----+
|       Name      | BRAM_18K| DSP |   FF   |  LUT  | URAM|
+-----------------+---------+-----+--------+-------+-----+
|DSP              |        -|    -|       -|      -|    -|
|Expression       |        -|    -|       0|    102|    -|
|FIFO             |        -|    -|       -|      -|    -|
|Instance         |        -|    -|       -|      -|    -|
|Memory           |        -|    -|       -|      -|    -|
|Multiplexer      |        -|    -|       0|     46|    -|
|Register         |        -|    -|       3|      -|    -|
+-----------------+---------+-----+--------+-------+-----+
|Total            |        0|    0|       3|    148|    0|
+-----------------+---------+-----+--------+-------+-----+
|Available        |      280|  220|  106400|  53200|    0|
+-----------------+---------+-----+--------+-------+-----+
|Utilization (%)  |        0|    0|      ~0|     ~0|    0|
+-----------------+---------+-----+--------+-------+-----+

+ Detail: 
    * Instance: 
    N/A

    * DSP: 
    N/A

    * Memory: 
    N/A

    * FIFO: 
    N/A

    * Expression: 
    +---------------------------------+----------+----+---+----+------------+------------+
    |          Variable Name          | Operation| DSP| FF| LUT| Bitwidth P0| Bitwidth P1|
    +---------------------------------+----------+----+---+----+------------+------------+
    |tmp_nbreadreq_fu_80_p6           |       and|   0|  0|   2|           1|           0|
    |ap_block_state1                  |        or|   0|  0|   2|           1|           1|
    |ap_block_state2                  |        or|   0|  0|   2|           1|           1|
    |m_axis_score_TDATA_int_regslice  |       xor|   0|  0|  32|          32|          32|
    |xor_ln47_1_fu_168_p2             |       xor|   0|  0|  32|          32|          32|
    |xor_ln47_fu_162_p2               |       xor|   0|  0|  32|          32|          32|
    +---------------------------------+----------+----+---+----+------------+------------+
    |Total                            |          |   0|  0| 102|          99|          98|
    +---------------------------------+----------+----+---+----+------------+------------+

    * Multiplexer: 
    +--------------------------+----+-----------+-----+-----------+
    |           Name           | LUT| Input Size| Bits| Total Bits|
    +--------------------------+----+-----------+-----+-----------+
    |ap_NS_fsm                 |  14|          3|    1|          3|
    |done_pulse                |  14|          3|    1|          3|
    |m_axis_score_TDATA_blk_n  |   9|          2|    1|          2|
    |s_axis_feat_TDATA_blk_n   |   9|          2|    1|          2|
    +--------------------------+----+-----------+-----+-----------+
    |Total                     |  46|         10|    4|         10|
    +--------------------------+----+-----------+-----+-----------+

    * Register: 
    +-------------+---+----+-----+-----------+
    |     Name    | FF| LUT| Bits| Const Bits|
    +-------------+---+----+-----+-----------+
    |ap_CS_fsm    |  2|   0|    2|          0|
    |tmp_reg_181  |  1|   0|    1|          0|
    +-------------+---+----+-----+-----------+
    |Total        |  3|   0|    3|          0|
    +-------------+---+----+-----+-----------+



================================================================
== Interface
================================================================
* Summary: 
+---------------------+-----+-----+--------------+-----------------------+--------------+
|      RTL Ports      | Dir | Bits|   Protocol   |     Source Object     |    C Type    |
+---------------------+-----+-----+--------------+-----------------------+--------------+
|ap_clk               |   in|    1|  ap_ctrl_none|        mlp_core_stream|  return value|
|ap_rst_n             |   in|    1|  ap_ctrl_none|        mlp_core_stream|  return value|
|s_axis_feat_TDATA    |   in|  128|          axis|   s_axis_feat_V_data_V|       pointer|
|s_axis_feat_TVALID   |   in|    1|          axis|   s_axis_feat_V_last_V|       pointer|
|s_axis_feat_TREADY   |  out|    1|          axis|   s_axis_feat_V_last_V|       pointer|
|s_axis_feat_TLAST    |   in|    1|          axis|   s_axis_feat_V_last_V|       pointer|
|s_axis_feat_TKEEP    |   in|   16|          axis|   s_axis_feat_V_keep_V|       pointer|
|s_axis_feat_TSTRB    |   in|   16|          axis|   s_axis_feat_V_strb_V|       pointer|
|m_axis_score_TDATA   |  out|   32|          axis|  m_axis_score_V_data_V|       pointer|
|m_axis_score_TVALID  |  out|    1|          axis|  m_axis_score_V_last_V|       pointer|
|m_axis_score_TREADY  |   in|    1|          axis|  m_axis_score_V_last_V|       pointer|
|m_axis_score_TLAST   |  out|    1|          axis|  m_axis_score_V_last_V|       pointer|
|m_axis_score_TKEEP   |  out|    4|          axis|  m_axis_score_V_keep_V|       pointer|
|m_axis_score_TSTRB   |  out|    4|          axis|  m_axis_score_V_strb_V|       pointer|
|done_pulse           |  out|    1|       ap_none|             done_pulse|       pointer|
+---------------------+-----+-----+--------------+-----------------------+--------------+

